#
# A fatal error has been detected by the Java Runtime Environment:
#
#  EXCEPTION_ACCESS_VIOLATION (0xc0000005) at pc=0x0000000052777506, pid=21176, tid=0x00000000000066f8
#
# JRE version: Java(TM) SE Runtime Environment (8.0_191-b12) (build 1.8.0_191-b12)
# Java VM: Java HotSpot(TM) 64-Bit Server VM (25.191-b12 mixed mode windows-amd64 compressed oops)
# Problematic frame:
# V  [jvm.dll+0x237506]
#
# Failed to write core dump. Minidumps are not enabled by default on client versions of Windows
#
# If you would like to submit a bug report, please visit:
#   http://bugreport.java.com/bugreport/crash.jsp
#

---------------  T H R E A D  ---------------

Current thread (0x000000001cc47000):  VMThread [stack: 0x000000001e950000,0x000000001ea50000] [id=26360]

siginfo: ExceptionCode=0xc0000005, reading address 0xffffffffffffffff

Registers:
RAX=0x3d64040003b42a20, RBX=0x000000001ea4ec10, RCX=0x000000001ea4ec10, RDX=0x3d64040003b42a28
RSP=0x000000001ea4e940, RBP=0x000000001ea4f150, RSI=0x0000000000000000, RDI=0x000000001ea4f2e0
R8 =0x0000000000000000, R9 =0x000000001c85dac0, R10=0x0000000000000008, R11=0x0000000052b48f18
R12=0x000000001cad54b0, R13=0x000000001ea4f110, R14=0x00000000000003d8, R15=0x000000001ea4f100
RIP=0x0000000052777506, EFLAGS=0x0000000000010202

Top of Stack: (sp=0x000000001ea4e940)
0x000000001ea4e940:   000000076cda22e8 000000076cd9c530
0x000000001ea4e950:   000000076cd97638 000000076cd878d0
0x000000001ea4e960:   000000076cd848c8 000000076cd81880
0x000000001ea4e970:   000000076cd7e748 000000076cd7b660
0x000000001ea4e980:   000000076cd76a70 000000076cd6b9c8
0x000000001ea4e990:   000000000313f628 000000000313f628
0x000000001ea4e9a0:   000000076cd557b0 000000076cd4bc10
0x000000001ea4e9b0:   000000076cd4bb98 000000076cd43be0
0x000000001ea4e9c0:   000000076cd35898 000000076cd2bf38
0x000000001ea4e9d0:   000000076cd22d38 000000076cd13fe8
0x000000001ea4e9e0:   000000076cd13f70 000000076cd06330
0x000000001ea4e9f0:   000000076ccfd500 000000076ccf3128
0x000000001ea4ea00:   000000076cce5f68 000000076ccb42d0
0x000000001ea4ea10:   000000076ccab3f8 000000076cca4130
0x000000001ea4ea20:   000000076cc99e38 000000076cc929a8
0x000000001ea4ea30:   000000076cc87d60 000000076cc7fad8 

Instructions: (pc=0x0000000052777506)
0x00000000527774e6:   01 00 00 48 8b 05 c0 b4 5b 00 48 33 c4 48 89 84
0x00000000527774f6:   24 30 01 00 00 4c 63 41 10 48 8b 41 08 48 8b d9
0x0000000052777506:   42 38 54 00 08 74 33 44 0f be c2 48 8d 4c 24 20
0x0000000052777516:   48 8d 15 13 ef 3e 00 e8 ae e6 de ff 48 8d 0d 97 


Register to memory mapping:

RAX=0x3d64040003b42a20 is an unknown value
RBX=0x000000001ea4ec10 is an unknown value
RCX=0x000000001ea4ec10 is an unknown value
RDX=0x3d64040003b42a28 is an unknown value
RSP=0x000000001ea4e940 is an unknown value
RBP=0x000000001ea4f150 is an unknown value
RSI=0x0000000000000000 is an unknown value
RDI=0x000000001ea4f2e0 is an unknown value
R8 =0x0000000000000000 is an unknown value
R9 =0x000000001c85dac0 is pointing into metadata
R10=0x0000000000000008 is an unknown value
R11=0x0000000052b48f18 is an unknown value
R12=0x000000001cad54b0 is an unknown value
R13=0x000000001ea4f110 is an unknown value
R14=0x00000000000003d8 is an unknown value
R15=0x000000001ea4f100 is an unknown value


Stack: [0x000000001e950000,0x000000001ea50000],  sp=0x000000001ea4e940,  free space=1018k
Native frames: (J=compiled Java code, j=interpreted, Vv=VM code, C=native code)
V  [jvm.dll+0x237506]
V  [jvm.dll+0x237b84]
V  [jvm.dll+0xff633]
V  [jvm.dll+0x102723]
V  [jvm.dll+0x1031ef]
V  [jvm.dll+0x103a35]
V  [jvm.dll+0x103c82]
V  [jvm.dll+0xc525e]
V  [jvm.dll+0xc58e8]
V  [jvm.dll+0xc5a1a]
V  [jvm.dll+0xc5c18]
V  [jvm.dll+0x10fbba]
V  [jvm.dll+0x12d43f]
V  [jvm.dll+0x1bf3cf]
V  [jvm.dll+0x24d0c7]
V  [jvm.dll+0x24c366]
V  [jvm.dll+0x24c801]
V  [jvm.dll+0x24ca1e]
V  [jvm.dll+0x29eb9a]
C  [msvcr100.dll+0x21d9f]
C  [msvcr100.dll+0x21e3b]
C  [KERNEL32.dll+0x14034]
C  [ntdll.dll+0x73691]

VM_Operation (0x000000001f77f080): GetOrSetLocal, mode: safepoint, requested by thread 0x000000001ea8f800


---------------  P R O C E S S  ---------------

Java Threads: ( => current thread )
  0x0000000020b9c800 JavaThread "ReaderThread" [_thread_in_native, id=14868, stack(0x0000000021850000,0x0000000021950000)]
  0x000000001eb23000 JavaThread "Service Thread" daemon [_thread_blocked, id=31388, stack(0x000000001fd80000,0x000000001fe80000)]
  0x000000001eac4800 JavaThread "C1 CompilerThread3" daemon [_thread_blocked, id=21116, stack(0x000000001fc80000,0x000000001fd80000)]
  0x000000001eabb800 JavaThread "C2 CompilerThread2" daemon [_thread_blocked, id=23188, stack(0x000000001fb80000,0x000000001fc80000)]
  0x000000001eaba000 JavaThread "C2 CompilerThread1" daemon [_thread_blocked, id=24288, stack(0x000000001fa80000,0x000000001fb80000)]
  0x000000001eab5800 JavaThread "C2 CompilerThread0" daemon [_thread_blocked, id=26852, stack(0x000000001f980000,0x000000001fa80000)]
  0x000000001eaa2800 JavaThread "JDWP Command Reader" daemon [_thread_in_native, id=24780, stack(0x000000001f880000,0x000000001f980000)]
  0x000000001ea9f800 JavaThread "JDWP Event Helper Thread" daemon [_thread_blocked, id=28688, stack(0x000000001f780000,0x000000001f880000)]
  0x000000001ea8f800 JavaThread "JDWP Transport Listener: dt_socket" daemon [_thread_blocked, id=23448, stack(0x000000001f680000,0x000000001f780000)]
  0x000000001ea85800 JavaThread "Attach Listener" daemon [_thread_blocked, id=21512, stack(0x000000001f240000,0x000000001f340000)]
  0x000000001ea84800 JavaThread "Signal Dispatcher" daemon [_thread_blocked, id=22732, stack(0x000000001f140000,0x000000001f240000)]
  0x000000001cc54800 JavaThread "Finalizer" daemon [_thread_blocked, id=11616, stack(0x000000001ef50000,0x000000001f050000)]
  0x000000001ea70800 JavaThread "Reference Handler" daemon [_thread_blocked, id=19264, stack(0x000000001ee50000,0x000000001ef50000)]
  0x0000000003149000 JavaThread "main" [_thread_blocked, id=30352, stack(0x0000000003040000,0x0000000003140000)]

Other Threads:
=>0x000000001cc47000 VMThread [stack: 0x000000001e950000,0x000000001ea50000] [id=26360]
  0x000000001eb28800 WatcherThread [stack: 0x000000001fe80000,0x000000001ff80000] [id=24096]

VM state:at safepoint (normal execution)

VM Mutex/Monitor currently owned by a thread:  ([mutex/lock_event])
[0x0000000003146c40] Threads_lock - owner thread: 0x000000001cc47000

Heap:
 PSYoungGen      total 75776K, used 26296K [0x000000076b700000, 0x0000000770b80000, 0x00000007c0000000)
  eden space 65024K, 40% used [0x000000076b700000,0x000000076d0ae318,0x000000076f680000)
  from space 10752K, 0% used [0x0000000770100000,0x0000000770100000,0x0000000770b80000)
  to   space 10752K, 0% used [0x000000076f680000,0x000000076f680000,0x0000000770100000)
 ParOldGen       total 173568K, used 0K [0x00000006c2400000, 0x00000006ccd80000, 0x000000076b700000)
  object space 173568K, 0% used [0x00000006c2400000,0x00000006c2400000,0x00000006ccd80000)
 Metaspace       used 8874K, capacity 9008K, committed 9344K, reserved 1056768K
  class space    used 1004K, capacity 1042K, committed 1152K, reserved 1048576K

Card table byte_map: [0x0000000012600000,0x0000000012df0000] byte_map_base: 0x000000000efee000

Marking Bits: (ParMarkBitMap*) 0x0000000052d63e30
 Begin Bits: [0x0000000013b40000, 0x0000000017ab0000)
 End Bits:   [0x0000000017ab0000, 0x000000001ba20000)

Polling page: 0x0000000001740000

CodeCache: size=245760Kb used=3004Kb max_used=3004Kb free=242755Kb
 bounds [0x0000000003240000, 0x0000000003540000, 0x0000000012240000]
 total_blobs=971 nmethods=660 adapters=232
 compilation: enabled

Compilation events (10 events):
Event: 0.719 Thread 0x000000001eac4800  657   !   3       sun.misc.Resource::getBytes (242 bytes)
Event: 0.719 Thread 0x000000001eac4800 nmethod 657 0x000000000352b790 code [0x000000000352baa0, 0x000000000352d5c8]
Event: 0.719 Thread 0x000000001eac4800  656   !   3       java.net.URLClassLoader::definePackageInternal (81 bytes)
Event: 0.720 Thread 0x000000001eac4800 nmethod 656 0x00000000035292d0 code [0x0000000003529500, 0x000000000352a098]
Event: 0.720 Thread 0x000000001eac4800  658       3       java.security.CodeSource::<init> (40 bytes)
Event: 0.720 Thread 0x000000001eac4800 nmethod 658 0x0000000003528c10 code [0x0000000003528d80, 0x00000000035291a8]
Event: 0.720 Thread 0x000000001eac4800  659   !   3       java.security.SecureClassLoader::getProtectionDomain (114 bytes)
Event: 0.721 Thread 0x000000001eac4800 nmethod 659 0x000000000352e390 code [0x000000000352e580, 0x000000000352f148]
Event: 0.721 Thread 0x000000001eac4800  660       3       java.lang.ClassLoader::defineClass (43 bytes)
Event: 0.721 Thread 0x000000001eac4800 nmethod 660 0x000000000352f750 code [0x000000000352f940, 0x0000000003530548]

GC Heap History (0 events):
No events

Deoptimization events (4 events):
Event: 0.207 Thread 0x0000000003149000 Uncommon trap: reason=unstable_if action=reinterpret pc=0x000000000334cb60 method=java.lang.String.hashCode()I @ 14
Event: 0.321 Thread 0x0000000003149000 Uncommon trap: reason=unstable_if action=reinterpret pc=0x00000000033afd50 method=java.lang.String.startsWith(Ljava/lang/String;I)Z @ 25
Event: 0.476 Thread 0x0000000003149000 Uncommon trap: reason=unstable_if action=reinterpret pc=0x00000000033a417c method=java.lang.String.indexOf([CII[CIII)I @ 3
Event: 0.706 Thread 0x0000000003149000 Uncommon trap: reason=range_check action=make_not_entrant pc=0x00000000034f5250 method=sun.reflect.generics.parser.SignatureParser.current()C @ 34

Classes redefined (4 events):
Event: 2743.245 Thread 0x000000001cc47000 redefined class name=core.Core, count=1
Event: 2848.258 Thread 0x000000001cc47000 redefined class name=core.Core, count=2
Event: 5554.631 Thread 0x000000001cc47000 redefined class name=testcases.GuestUserendtoendtransaction, count=3
Event: 5743.041 Thread 0x000000001cc47000 redefined class name=core.Core, count=3

Internal exceptions (10 events):
Event: 0.353 Thread 0x0000000003149000 Exception <a 'java/security/PrivilegedActionException'> (0x000000076bf06e90) thrown at [C:\re\workspace\8-2-build-windows-amd64-cygwin\jdk8u191\11896\hotspot\src\share\vm\prims\jvm.cpp, line 1435]
Event: 0.353 Thread 0x0000000003149000 Exception <a 'java/security/PrivilegedActionException'> (0x000000076bf070a0) thrown at [C:\re\workspace\8-2-build-windows-amd64-cygwin\jdk8u191\11896\hotspot\src\share\vm\prims\jvm.cpp, line 1435]
Event: 0.354 Thread 0x0000000003149000 Exception <a 'java/security/PrivilegedActionException'> (0x000000076bf08548) thrown at [C:\re\workspace\8-2-build-windows-amd64-cygwin\jdk8u191\11896\hotspot\src\share\vm\prims\jvm.cpp, line 1435]
Event: 0.354 Thread 0x0000000003149000 Exception <a 'java/security/PrivilegedActionException'> (0x000000076bf08758) thrown at [C:\re\workspace\8-2-build-windows-amd64-cygwin\jdk8u191\11896\hotspot\src\share\vm\prims\jvm.cpp, line 1435]
Event: 0.354 Thread 0x0000000003149000 Exception <a 'java/security/PrivilegedActionException'> (0x000000076bf09c20) thrown at [C:\re\workspace\8-2-build-windows-amd64-cygwin\jdk8u191\11896\hotspot\src\share\vm\prims\jvm.cpp, line 1435]
Event: 0.354 Thread 0x0000000003149000 Exception <a 'java/security/PrivilegedActionException'> (0x000000076bf09e30) thrown at [C:\re\workspace\8-2-build-windows-amd64-cygwin\jdk8u191\11896\hotspot\src\share\vm\prims\jvm.cpp, line 1435]
Event: 0.357 Thread 0x0000000003149000 Exception <a 'java/security/PrivilegedActionException'> (0x000000076bf1d110) thrown at [C:\re\workspace\8-2-build-windows-amd64-cygwin\jdk8u191\11896\hotspot\src\share\vm\prims\jvm.cpp, line 1435]
Event: 0.357 Thread 0x0000000003149000 Exception <a 'java/security/PrivilegedActionException'> (0x000000076bf1d320) thrown at [C:\re\workspace\8-2-build-windows-amd64-cygwin\jdk8u191\11896\hotspot\src\share\vm\prims\jvm.cpp, line 1435]
Event: 0.706 Thread 0x0000000003149000 Exception <a 'java/lang/ArrayIndexOutOfBoundsException': 65> (0x000000076cd985b0) thrown at [C:\re\workspace\8-2-build-windows-amd64-cygwin\jdk8u191\11896\hotspot\src\share\vm\interpreter\interpreterRuntime.cpp, line 366]
Event: 0.707 Thread 0x0000000003149000 Exception <a 'java/lang/ArrayIndexOutOfBoundsException': 60> (0x000000076cd9dec8) thrown at [C:\re\workspace\8-2-build-windows-amd64-cygwin\jdk8u191\11896\hotspot\src\share\vm\interpreter\interpreterRuntime.cpp, line 366]

Events (10 events):
Event: 5743.041 Executing VM operation: RedefineClasses done
Event: 5743.047 Executing VM operation: ChangeBreakpoints
Event: 5743.047 Executing VM operation: ChangeBreakpoints done
Event: 5743.051 Executing VM operation: ChangeBreakpoints
Event: 5743.051 Executing VM operation: ChangeBreakpoints done
Event: 5743.081 Executing VM operation: GetOwnedMonitorInfo
Event: 5743.081 Executing VM operation: GetOwnedMonitorInfo done
Event: 5743.081 Executing VM operation: GetCurrentContendedMonitor
Event: 5743.081 Executing VM operation: GetCurrentContendedMonitor done
Event: 5743.084 Executing VM operation: GetOrSetLocal


Dynamic libraries:
0x00007ff7c6370000 - 0x00007ff7c63a7000 	C:\Program Files\Java\jdk1.8.0_191\bin\javaw.exe
0x00007fffd8ac0000 - 0x00007fffd8ca1000 	C:\WINDOWS\SYSTEM32\ntdll.dll
0x00007fffd6260000 - 0x00007fffd6311000 	C:\WINDOWS\System32\KERNEL32.dll
0x00007fffcf520000 - 0x00007fffcf63b000 	C:\Windows\system32\hmpalert.dll
0x00007fffd50f0000 - 0x00007fffd5363000 	C:\WINDOWS\System32\KERNELBASE.dll
0x00007fffd7590000 - 0x00007fffd7631000 	C:\WINDOWS\System32\ADVAPI32.dll
0x00007fffd73b0000 - 0x00007fffd744e000 	C:\WINDOWS\System32\msvcrt.dll
0x00007fffd7350000 - 0x00007fffd73ab000 	C:\WINDOWS\System32\sechost.dll
0x00007fffd6ba0000 - 0x00007fffd6cc4000 	C:\WINDOWS\System32\RPCRT4.dll
0x00007fffd6900000 - 0x00007fffd6a90000 	C:\WINDOWS\System32\USER32.dll
0x00007fffd50d0000 - 0x00007fffd50f0000 	C:\WINDOWS\System32\win32u.dll
0x00007fffd7500000 - 0x00007fffd7528000 	C:\WINDOWS\System32\GDI32.dll
0x00007fffd5b50000 - 0x00007fffd5ce1000 	C:\WINDOWS\System32\gdi32full.dll
0x00007fffd5ea0000 - 0x00007fffd5f3f000 	C:\WINDOWS\System32\msvcp_win.dll
0x00007fffd5cf0000 - 0x00007fffd5de8000 	C:\WINDOWS\System32\ucrtbase.dll
0x00007fffc8320000 - 0x00007fffc8589000 	C:\WINDOWS\WinSxS\amd64_microsoft.windows.common-controls_6595b64144ccf1df_6.0.17134.1067_none_d401a3eb7c8ebdea\COMCTL32.dll
0x00007fffd6500000 - 0x00007fffd6821000 	C:\WINDOWS\System32\combase.dll
0x00007fffd53c0000 - 0x00007fffd5439000 	C:\WINDOWS\System32\bcryptPrimitives.dll
0x00007fffd7450000 - 0x00007fffd747d000 	C:\WINDOWS\System32\IMM32.DLL
0x00007fffd3ff0000 - 0x00007fffd402c000 	C:\PROGRA~2\Sophos\SOPHOS~1\SOPHOS~2.DLL
0x00007fffd6380000 - 0x00007fffd6388000 	C:\WINDOWS\System32\PSAPI.DLL
0x0000000052df0000 - 0x0000000052ec2000 	C:\Program Files\Java\jdk1.8.0_191\jre\bin\msvcr100.dll
0x0000000052540000 - 0x0000000052de4000 	C:\Program Files\Java\jdk1.8.0_191\jre\bin\server\jvm.dll
0x00007fffbc760000 - 0x00007fffbc769000 	C:\WINDOWS\SYSTEM32\WSOCK32.dll
0x00007fffcb2a0000 - 0x00007fffcb2c3000 	C:\WINDOWS\SYSTEM32\WINMM.dll
0x00007fffd1ad0000 - 0x00007fffd1ada000 	C:\WINDOWS\SYSTEM32\VERSION.dll
0x00007fffd6890000 - 0x00007fffd68fc000 	C:\WINDOWS\System32\WS2_32.dll
0x00007fffcb270000 - 0x00007fffcb29a000 	C:\WINDOWS\SYSTEM32\winmmbase.dll
0x00007fffd5370000 - 0x00007fffd53b9000 	C:\WINDOWS\System32\cfgmgr32.dll
0x0000000053d60000 - 0x0000000053d6f000 	C:\Program Files\Java\jdk1.8.0_191\jre\bin\verify.dll
0x0000000052510000 - 0x0000000052539000 	C:\Program Files\Java\jdk1.8.0_191\jre\bin\java.dll
0x00000000524d0000 - 0x0000000052505000 	C:\Program Files\Java\jdk1.8.0_191\jre\bin\jdwp.dll
0x00000000524c0000 - 0x00000000524c8000 	C:\Program Files\Java\jdk1.8.0_191\jre\bin\npt.dll
0x00000000524a0000 - 0x00000000524b6000 	C:\Program Files\Java\jdk1.8.0_191\jre\bin\zip.dll
0x00007fffd7640000 - 0x00007fffd8a84000 	C:\WINDOWS\System32\SHELL32.dll
0x00007fffd72a0000 - 0x00007fffd7349000 	C:\WINDOWS\System32\shcore.dll
0x00007fffd5440000 - 0x00007fffd5b50000 	C:\WINDOWS\System32\windows.storage.dll
0x00007fffd7530000 - 0x00007fffd7581000 	C:\WINDOWS\System32\shlwapi.dll
0x00007fffd4df0000 - 0x00007fffd4e01000 	C:\WINDOWS\System32\kernel.appcore.dll
0x00007fffd4e10000 - 0x00007fffd4e2f000 	C:\WINDOWS\System32\profapi.dll
0x00007fffd4e30000 - 0x00007fffd4e7c000 	C:\WINDOWS\System32\powrprof.dll
0x00007fffd4de0000 - 0x00007fffd4dea000 	C:\WINDOWS\System32\FLTLIB.DLL
0x0000000052490000 - 0x0000000052499000 	C:\Program Files\Java\jdk1.8.0_191\jre\bin\dt_socket.dll
0x00007fffcfbd0000 - 0x00007fffcfbe6000 	C:\WINDOWS\system32\napinsp.dll
0x00007fffcfa30000 - 0x00007fffcfa4a000 	C:\WINDOWS\system32\pnrpnsp.dll
0x00007fffd1710000 - 0x00007fffd1729000 	C:\WINDOWS\system32\NLAapi.dll
0x00007fffd4640000 - 0x00007fffd46a6000 	C:\WINDOWS\System32\mswsock.dll
0x00007fffd43d0000 - 0x00007fffd448e000 	C:\WINDOWS\SYSTEM32\DNSAPI.dll
0x00007fffd6a90000 - 0x00007fffd6a98000 	C:\WINDOWS\System32\NSI.dll
0x00007fffd4390000 - 0x00007fffd43c8000 	C:\WINDOWS\SYSTEM32\IPHLPAPI.DLL
0x00007fffd0740000 - 0x00007fffd074e000 	C:\WINDOWS\System32\winrnr.dll
0x00007fffd2470000 - 0x00007fffd24e2000 	C:\WINDOWS\System32\fwpuclnt.dll
0x00007fffd4920000 - 0x00007fffd4945000 	C:\WINDOWS\SYSTEM32\bcrypt.dll
0x00007fffd1520000 - 0x00007fffd152a000 	C:\Windows\System32\rasadhlp.dll
0x0000000052470000 - 0x000000005248a000 	C:\Program Files\Java\jdk1.8.0_191\jre\bin\net.dll
0x00007fffd47f0000 - 0x00007fffd4807000 	C:\WINDOWS\SYSTEM32\CRYPTSP.dll
0x00007fffd41f0000 - 0x00007fffd4223000 	C:\WINDOWS\system32\rsaenh.dll
0x00007fffd4cc0000 - 0x00007fffd4ce8000 	C:\WINDOWS\SYSTEM32\USERENV.dll
0x00007fffd4810000 - 0x00007fffd481b000 	C:\WINDOWS\SYSTEM32\CRYPTBASE.dll
0x00007fffd2550000 - 0x00007fffd2566000 	C:\WINDOWS\SYSTEM32\dhcpcsvc6.DLL
0x00007fffd2530000 - 0x00007fffd254a000 	C:\WINDOWS\SYSTEM32\dhcpcsvc.DLL
0x0000000052450000 - 0x0000000052461000 	C:\Program Files\Java\jdk1.8.0_191\jre\bin\nio.dll
0x00007fffc6080000 - 0x00007fffc6249000 	C:\WINDOWS\SYSTEM32\dbghelp.dll

VM Arguments:
jvm_args: -agentlib:jdwp=transport=dt_socket,suspend=y,address=localhost:24285 -Dmaven.multiModuleProjectDirectory=M2_HOME -ea -Dfile.encoding=Cp1252 
java_command: org.testng.remote.RemoteTestNG -serport 24284 -protocol json -d C:\Users\priyanka\Desktop\Selenium Projects\FirstProject\test-output C:\Users\priyanka\AppData\Local\Temp\testng-eclipse--257958808\testng-customsuite.xml
java_class_path (initial): C:\Users\priyanka\Desktop\eclipse\configuration\org.eclipse.osgi\486\0\.cp\lib\testng-remote.jar;C:\Users\priyanka\Desktop\Selenium Projects\FirstProject\target\test-classes;C:\Users\priyanka\Desktop\Selenium Projects\FirstProject\target\classes;C:\Users\priyanka\.m2\repository;C:\Users\priyanka\.p2\pool\plugins\org.junit.jupiter.api_5.4.0.v20190212-2109.jar;C:\Users\priyanka\.p2\pool\plugins\org.junit.jupiter.engine_5.4.0.v20190212-2109.jar;C:\Users\priyanka\.p2\pool\plugins\org.junit.jupiter.migrationsupport_5.4.0.v20190212-2109.jar;C:\Users\priyanka\.p2\pool\plugins\org.junit.jupiter.params_5.4.0.v20190212-2109.jar;C:\Users\priyanka\.p2\pool\plugins\org.junit.platform.commons_1.4.0.v20190212-2109.jar;C:\Users\priyanka\.p2\pool\plugins\org.junit.platform.engine_1.4.0.v20190212-2109.jar;C:\Users\priyanka\.p2\pool\plugins\org.junit.platform.launcher_1.4.0.v20190212-2109.jar;C:\Users\priyanka\.p2\pool\plugins\org.junit.platform.runner_1.4.0.v20190212-2109.jar;C:\Users\priyanka\.p2\pool\plugins\org.junit.platform.suite.api_1.4.0.v20190212-2109.jar;C:\Users\priyanka\.p2\pool\plugins\org.junit.vintage.engine_5.4.0.v20190212-2109.jar;C:\Users\priyanka\.p2\pool\plugins\org.opentest4j_1.1.1.v20190212-2109.jar;C:\Users\priyanka\.p2\pool\plugins\org.apiguardian_1.0.0.v20190212-2109.jar;C:\Users\priyanka\.p2\pool\plugins\org.junit_4.12.0.v201504281640\junit.jar;C:\Users\priyanka\.p2\pool\plugins\org.hamcrest.core_1.3.0.v20180420-1519.jar;C:\Users\priyanka\.m2\repository\junit\junit\3.8.1\junit-3.8.1.jar;C:\Users\priyanka\.m2\repository\org\seleniumhq\selenium\selenium-java\3.141.59\selenium-java-3.141.59.jar;C:\Users\priyanka\.m2\repository\org\seleniumhq\selenium\selenium-api\3.141.59\selenium-api-3.141.59.jar;C:\Users\priyanka\.m2\repository\org\seleniumhq\selenium\selenium-chrome-driver\3.141.59\selenium-chrome-driver-3.141.59.jar;C:\Users\priyanka\.m2\repository\org\seleniumhq\selenium\selenium-edge-driver\3.141.59\selenium-edge-driver-3.141.5
Launcher Type: SUN_STANDARD

Environment Variables:
JAVA_HOME=C:\Program Files\Java\jdk1.8.0_131
CLASSPATH=C:\Inhouse Pharmacy\javax.mail-api-1.4.7\activation.jar; C:\Inhouse Pharmacy\javax.mail-api-1.4.7\mail.jar
USERNAME=priyanka
OS=Windows_NT
PROCESSOR_IDENTIFIER=Intel64 Family 6 Model 158 Stepping 9, GenuineIntel



---------------  S Y S T E M  ---------------

OS: Windows 10.0 , 64 bit Build 17134 (10.0.17134.753)

CPU:total 8 (initial active 8) (4 cores per cpu, 2 threads per core) family 6 model 158 stepping 9, cmov, cx8, fxsr, mmx, sse, sse2, sse3, ssse3, sse4.1, sse4.2, popcnt, avx, avx2, aes, clmul, erms, rtm, 3dnowpref, lzcnt, ht, tsc, tscinvbit, bmi1, bmi2, adx

Memory: 4k page, physical 16626852k(6011076k free), swap 37598372k(16048120k free)

vm_info: Java HotSpot(TM) 64-Bit Server VM (25.191-b12) for windows-amd64 JRE (1.8.0_191-b12), built on Oct  6 2018 09:29:03 by "java_re" with MS VC++ 10.0 (VS2010)

time: Tue Nov 19 11:24:59 2019
elapsed time: 5743 seconds (0d 1h 35m 43s)

